-------------------------------------------------------------------------------
Test set: com.mackenzie.tg6.TestTG6
-------------------------------------------------------------------------------
Tests run: 10, Failures: 1, Errors: 0, Skipped: 0, Time elapsed: 0.04 s <<< FAILURE! - in com.mackenzie.tg6.TestTG6
CT10(com.mackenzie.tg6.TestTG6)  Time elapsed: 0.003 s  <<< FAILURE!
org.junit.ComparisonFailure: expected:<Empréstimo [Nega]do> but was:<Empréstimo [Concedi]do>
	at com.mackenzie.tg6.TestTG6.CT10(TestTG6.java:65)

