-------------------------------------------------------------------------------
Test set: com.mackenzie.tg6.TestTG6
-------------------------------------------------------------------------------
Tests run: 10, Failures: 1, Errors: 0, Skipped: 0, Time elapsed: 0.09 s <<< FAILURE! - in com.mackenzie.tg6.TestTG6
CT10  Time elapsed: 0.023 s  <<< FAILURE!
org.opentest4j.AssertionFailedError: expected: <Empréstimo Negado> but was: <Empréstimo Concedido>
	at com.mackenzie.tg6.TestTG6.CT10(TestTG6.java:67)

