<?xml version="1.0" encoding="UTF-8"?>
<testsuite xmlns:xsi="http://www.w3.org/2001/XMLSchema-instance" xsi:noNamespaceSchemaLocation="https://maven.apache.org/surefire/maven-surefire-plugin/xsd/surefire-test-report.xsd" name="com.mackenzie.tg6.TestTG6" time="0.04" tests="10" errors="0" skipped="0" failures="1">
  <properties>
[...]
</properties>
  <testcase name="CT1" classname="com.mackenzie.tg6.TestTG6" time="0.007"/>
  <testcase name="CT2" classname="com.mackenzie.tg6.TestTG6" time="0"/>
  <testcase name="CT3" classname="com.mackenzie.tg6.TestTG6" time="0"/>
  <testcase name="CT4" classname="com.mackenzie.tg6.TestTG6" time="0.001"/>
  <testcase name="CT5" classname="com.mackenzie.tg6.TestTG6" time="0"/>
  <testcase name="CT6" classname="com.mackenzie.tg6.TestTG6" time="0"/>
  <testcase name="CT7" classname="com.mackenzie.tg6.TestTG6" time="0"/>
  <testcase name="CT8" classname="com.mackenzie.tg6.TestTG6" time="0"/>
  <testcase name="CT9" classname="com.mackenzie.tg6.TestTG6" time="0"/>
  <testcase name="CT10" classname="com.mackenzie.tg6.TestTG6" time="0.003">
    <failure message="expected:&lt;Empréstimo [Nega]do&gt; but was:&lt;Empréstimo [Concedi]do&gt;" type="org.junit.ComparisonFailure"><![CDATA[org.junit.ComparisonFailure: expected:<Empréstimo [Nega]do> but was:<Empréstimo [Concedi]do>
	at com.mackenzie.tg6.TestTG6.CT10(TestTG6.java:65)
]]></failure>
  </testcase>
</testsuite>